<?xml version="1.0" encoding="UTF-8"?>
<!-- Generated by org.testng.reporters.JUnitXMLReporter -->
<testsuite ignored="3" hostname="DESKTOP-MVRSBI2" failures="0" tests="1" name="Test1" time="9.884" errors="0" timestamp="2026-07-07T07:16:08 IST">
  <testcase classname="mainproject.LoginTest" name="userLoginWithValidCredentials" time="3.011"/>
  <testcase classname="mainproject.LoginTest" name="userLoginWithInValidUsername" time="0.0">
    <ignored/>
  </testcase> <!-- userLoginWithInValidUsername -->
  <testcase classname="mainproject.LoginTest" name="userLoginWithInvalidPassword" time="0.0">
    <ignored/>
  </testcase> <!-- userLoginWithInvalidPassword -->
  <testcase classname="mainproject.LoginTest" name="userLoginWithInValidCredentials" time="0.0">
    <ignored/>
  </testcase> <!-- userLoginWithInValidCredentials -->
</testsuite> <!-- Test1 -->
