<?xml version="1.0" encoding="UTF-8"?>
<!-- Generated by org.testng.reporters.JUnitXMLReporter -->
<testsuite ignored="2" hostname="DESKTOP-MVRSBI2" failures="0" tests="2" name="Test" time="20.362" errors="0" timestamp="2026-07-06T07:01:24 IST">
  <testcase classname="mainproject.LoginTest" name="userLoginWithValidCredentials" time="1.78"/>
  <testcase classname="mainproject.LoginTest" name="userLoginWithInValidUsername" time="1.121"/>
  <testcase classname="mainproject.LoginTest" name="userLoginWithInValidCredentials" time="0.0">
    <ignored/>
  </testcase> <!-- userLoginWithInValidCredentials -->
  <testcase classname="mainproject.LoginTest" name="userLoginWithInvalidPassword" time="0.0">
    <ignored/>
  </testcase> <!-- userLoginWithInvalidPassword -->
</testsuite> <!-- Test -->
