<?xml version="1.0" encoding="UTF-8"?>
<testng-results ignored="0" total="1" passed="1" failed="0" skipped="0">
  <reporter-output>
  </reporter-output>
  <suite started-at="2026-07-22T21:01:43 IST" name="Suite" finished-at="2026-07-22T21:02:09 IST" duration-ms="25422">
    <groups>
    </groups>
    <test started-at="2026-07-22T21:01:43 IST" name="Test" finished-at="2026-07-22T21:02:09 IST" duration-ms="25422">
      <class name="mainproject.ManageDeliveryBoyTest">
        <test-method is-config="true" signature="browserInitialization(java.lang.String)[pri:0, instance:mainproject.ManageDeliveryBoyTest@46d59067]" started-at="2026-07-22T21:01:44 IST" name="browserInitialization" finished-at="2026-07-22T21:02:00 IST" duration-ms="16536" status="PASS">
          <params>
            <param index="0">
              <value>
                <![CDATA[Chrome]]>
              </value>
            </param>
          </params>
          <reporter-output>
          </reporter-output>
        </test-method> <!-- browserInitialization -->
        <test-method signature="verifyWhetherUserIsAbleToAddNewDeliveryBoy()[pri:0, instance:mainproject.ManageDeliveryBoyTest@46d59067]" started-at="2026-07-22T21:02:00 IST" name="verifyWhetherUserIsAbleToAddNewDeliveryBoy" description="User is trying to add new delivery boy" finished-at="2026-07-22T21:02:09 IST" duration-ms="8748" status="PASS">
          <reporter-output>
          </reporter-output>
        </test-method> <!-- verifyWhetherUserIsAbleToAddNewDeliveryBoy -->
        <test-method is-config="true" signature="closeBrowser(org.testng.ITestResult)[pri:0, instance:mainproject.ManageDeliveryBoyTest@46d59067]" started-at="2026-07-22T21:02:09 IST" name="closeBrowser" finished-at="2026-07-22T21:02:09 IST" duration-ms="2" status="PASS">
          <params>
            <param index="0">
              <value>
                <![CDATA[[TestResult name=verifyWhetherUserIsAbleToAddNewDeliveryBoy status=SUCCESS method=ManageDeliveryBoyTest.verifyWhetherUserIsAbleToAddNewDeliveryBoy()[pri:0, instance:mainproject.ManageDeliveryBoyTest@46d59067] output={null}]]]>
              </value>
            </param>
          </params>
          <reporter-output>
          </reporter-output>
        </test-method> <!-- closeBrowser -->
      </class> <!-- mainproject.ManageDeliveryBoyTest -->
    </test> <!-- Test -->
  </suite> <!-- Suite -->
</testng-results>
