<?xml version="1.0" encoding="UTF-8"?>
<!-- Generated by org.testng.reporters.JUnitXMLReporter -->
<testsuite ignored="3" hostname="DESKTOP-MVRSBI2" failures="0" tests="1" name="ChromeTest" time="28.45" errors="0" timestamp="2026-07-07T06:58:21 IST">
  <testcase classname="mainproject.LoginTest" name="userLoginWithValidCredentials" time="6.779"/>
  <testcase classname="mainproject.LoginTest" name="userLoginWithInValidUsername" time="0.0">
    <ignored/>
  </testcase> <!-- userLoginWithInValidUsername -->
  <testcase classname="mainproject.LoginTest" name="userLoginWithInvalidPassword" time="0.0">
    <ignored/>
  </testcase> <!-- userLoginWithInvalidPassword -->
  <testcase classname="mainproject.LoginTest" name="userLoginWithInValidCredentials" time="0.0">
    <ignored/>
  </testcase> <!-- userLoginWithInValidCredentials -->
</testsuite> <!-- ChromeTest -->
