<?xml version="1.0" encoding="UTF-8"?>
<!-- Generated by org.testng.reporters.JUnitXMLReporter -->
<testsuite ignored="3" hostname="DESKTOP-MVRSBI2" failures="0" tests="1" name="EdgeTest" time="74.187" errors="0" timestamp="2026-07-07T07:01:25 IST">
  <testcase classname="mainproject.LoginTest" name="userLoginWithValidCredentials" time="9.186"/>
  <testcase classname="mainproject.LoginTest" name="userLoginWithInvalidPassword" time="0.0">
    <ignored/>
  </testcase> <!-- userLoginWithInvalidPassword -->
  <testcase classname="mainproject.LoginTest" name="userLoginWithInValidUsername" time="0.0">
    <ignored/>
  </testcase> <!-- userLoginWithInValidUsername -->
  <testcase classname="mainproject.LoginTest" name="userLoginWithInValidCredentials" time="0.0">
    <ignored/>
  </testcase> <!-- userLoginWithInValidCredentials -->
</testsuite> <!-- EdgeTest -->
